Performing C SOURCE FILE Test CMAKE_HAVE_LIBC_PTHREAD failed with the following output:
Change Dir: /home/ynakanishi/workspace/potentail_planning/cmake-build-debug/CMakeFiles/CMakeTmp

Run Build Command(s):/usr/bin/make cmTC_3a31f/fast && /usr/bin/make -f CMakeFiles/cmTC_3a31f.dir/build.make CMakeFiles/cmTC_3a31f.dir/build
make[1]: ディレクトリ '/home/ynakanishi/workspace/potentail_planning/cmake-build-debug/CMakeFiles/CMakeTmp' に入ります
Building C object CMakeFiles/cmTC_3a31f.dir/src.c.o
/usr/bin/cc   -DCMAKE_HAVE_LIBC_PTHREAD   -o CMakeFiles/cmTC_3a31f.dir/src.c.o   -c /home/ynakanishi/workspace/potentail_planning/cmake-build-debug/CMakeFiles/CMakeTmp/src.c
Linking C executable cmTC_3a31f
/home/ynakanishi/software/clion-2019.3.1/bin/cmake/linux/bin/cmake -E cmake_link_script CMakeFiles/cmTC_3a31f.dir/link.txt --verbose=1
/usr/bin/cc  -DCMAKE_HAVE_LIBC_PTHREAD    -rdynamic CMakeFiles/cmTC_3a31f.dir/src.c.o  -o cmTC_3a31f 
CMakeFiles/cmTC_3a31f.dir/src.c.o: 関数 `main' 内:
src.c:(.text+0x3e): `pthread_create' に対する定義されていない参照です
src.c:(.text+0x4a): `pthread_detach' に対する定義されていない参照です
src.c:(.text+0x5b): `pthread_join' に対する定義されていない参照です
src.c:(.text+0x6f): `pthread_atfork' に対する定義されていない参照です
collect2: error: ld returned 1 exit status
CMakeFiles/cmTC_3a31f.dir/build.make:86: recipe for target 'cmTC_3a31f' failed
make[1]: *** [cmTC_3a31f] Error 1
make[1]: ディレクトリ '/home/ynakanishi/workspace/potentail_planning/cmake-build-debug/CMakeFiles/CMakeTmp' から出ます
Makefile:121: recipe for target 'cmTC_3a31f/fast' failed
make: *** [cmTC_3a31f/fast] Error 2


Source file was:
#include <pthread.h>

void* test_func(void* data)
{
  return data;
}

int main(void)
{
  pthread_t thread;
  pthread_create(&thread, NULL, test_func, NULL);
  pthread_detach(thread);
  pthread_join(thread, NULL);
  pthread_atfork(NULL, NULL, NULL);
  pthread_exit(NULL);

  return 0;
}

Determining if the function pthread_create exists in the pthreads failed with the following output:
Change Dir: /home/ynakanishi/workspace/potentail_planning/cmake-build-debug/CMakeFiles/CMakeTmp

Run Build Command(s):/usr/bin/make cmTC_dd587/fast && /usr/bin/make -f CMakeFiles/cmTC_dd587.dir/build.make CMakeFiles/cmTC_dd587.dir/build
make[1]: ディレクトリ '/home/ynakanishi/workspace/potentail_planning/cmake-build-debug/CMakeFiles/CMakeTmp' に入ります
Building C object CMakeFiles/cmTC_dd587.dir/CheckFunctionExists.c.o
/usr/bin/cc   -DCHECK_FUNCTION_EXISTS=pthread_create   -o CMakeFiles/cmTC_dd587.dir/CheckFunctionExists.c.o   -c /home/ynakanishi/software/clion-2019.3.1/bin/cmake/linux/share/cmake-3.15/Modules/CheckFunctionExists.c
Linking C executable cmTC_dd587
/home/ynakanishi/software/clion-2019.3.1/bin/cmake/linux/bin/cmake -E cmake_link_script CMakeFiles/cmTC_dd587.dir/link.txt --verbose=1
/usr/bin/cc  -DCHECK_FUNCTION_EXISTS=pthread_create    -rdynamic CMakeFiles/cmTC_dd587.dir/CheckFunctionExists.c.o  -o cmTC_dd587 -lpthreads 
/usr/bin/ld: -lpthreads が見つかりません
collect2: error: ld returned 1 exit status
CMakeFiles/cmTC_dd587.dir/build.make:86: recipe for target 'cmTC_dd587' failed
make[1]: *** [cmTC_dd587] Error 1
make[1]: ディレクトリ '/home/ynakanishi/workspace/potentail_planning/cmake-build-debug/CMakeFiles/CMakeTmp' から出ます
Makefile:121: recipe for target 'cmTC_dd587/fast' failed
make: *** [cmTC_dd587/fast] Error 2



